<?xml version="1.0" encoding="UTF-8"?>
<testsuites name="Mocha Tests" time="0.002" tests="1" failures="0">
  <testsuite name="Root Suite" timestamp="2017-08-10T15:47:05" tests="0" failures="0" time="0">
  </testsuite>
  <testsuite name="FlutureTMonetEither" timestamp="2017-08-10T15:47:05" tests="1" file="C:\Users\vladi\Documents\GitHub\monadT\test\FlutureTMonetEither\index.js" failures="0" time="0.002">
    <testcase name="FlutureTMonetEither test" time="0.002" classname="test">
    </testcase>
  </testsuite>
</testsuites>